* 97965e8 : Last commit before zipping it all together
* 657bcf4 : Generated javadoc
* 1f4626e : Testing errors
* e243616 : fixed error in Pizza class
* b772e3e : Update error message on LogHandler
* d6e4f0b : more doc update
* 9ab986b : Updated the doc on loghandler
* 4256a4b : Fixed some comments
* 9e5e05a : Updated GUI that it shows two decimals.
* 4d94819 : Couple of more customerfactory tests
* 35d1a35 : Updated CustomerFactory to fix a bug.
*   52f98ec : Merge branch 'master' of https://bitbucket.org/gleative/assign2-software-develop kokokoooo
|\  
| *   fd42be8 : Added doc to the methods in the PizzaGUI class
| |\  
| * | b2aa4da : Doc added to the methods in GUI
* | | 69d24c6 : hok
| |/  
|/|   
* | 88d2365 : Added author to all files except GUI
* | 6bb6316 : Fixed exeception handling in Pizza.java
|/  
* 29606a9 : Added log files
* bfc314c : Fixed GUI with exception, etc etc.
* a8c9c14 : fuck
*   551e0af : ok
|\  
| * aa86979 : Tried to test some exceptions
| * d8bd205 : Updated design, with tables, and added table titles.
| * d0bdff5 : Added Calculate distance, and disable for buttons
* | adb982f : fixed exception for deliverytime in pizza class
|/  
* e4da479 : Implementd calculateprofit in GUI
* 8deff87 : added logs and implemented reset in GUI
* bcdeef5 : GUI shows orders
* b333938 : GUI customer load data works! Your turn to fix pizza data hehe.
* 2c6cf14 : Load Customers and orders buttons added to gui
* 9557ca5 : GUI load file now works.
* a1a1145 : Gui implementation
* c647f25 : Fixed some tests
* 5944ecf : PizzaGUI implementation in process. JFileChooser implemented
* 51730d3 : cd
* f6141db : tests for pizzarestaurant
* 79993d6 : Updated LoghandlerException message in both populateDataSet
* 9b38ddb : Tests added in LogHandlerPizza.
* 17ae8d5 : Fixed error handling in LogHandler...Again
* cb7d15e : se det ja
* 8cae65e : Changed final variables in Pizza test and PizzaFactory test, to uppercase letters.
* b1e9d8a : Edit ifs in getCustomerByIndex and getPizzaByIndex. Also added more tests too restaurant pizza
* e75a15c : fixed loghandler createmethods to throw exception when constraint is missing on a line e.g less than 8 elements
* 7c31fbc : Changed bool in PizzaRestaurant class, and Added tests to RestaurantPizzaTests
* 2080f4e : ok
* d82f08f : added some logs
* c893181 : faen ass kokok håper jeg ikke mista noe nå på slutten
* 1b05553 : Added tests to RestaurantPizza, struggles with processlog. Im going to bed. Cya mate.
* 5ebe6c5 : New tests in Loghandler pizza, added else in LogHandler class
* 1393fb7 : New tests in Loghandler pizza, added else in LogHandler class
* 9d20918 : updated last push before Glenn start ez
* 2ca56ea : updated createPizza to be more precise in error handling (hopefully
* dee91ec : methods in LogHandler should catch and handle exceptions better now
* 2357b88 : Added try catch to throw loghandler exception in createcustomer
* 470622b : Added try catch to createPizza
* 7062cd3 : updated populatepizzaDatasets() and populatecostumerdatasets to close the bufferreader at the end
* 57090f3 : removed unused parts of populatePizzaDataset()
* ef4933e : Fixed a dronedeliverytest and updated exceptiomn throwing in loghandler
* 6be1c74 : Removed ifs and added try and catchs in LogHandler class
* f005e78 : fixed populatePizzaDataset()
* 72154d3 : Just trying to fix pizzadataset
* bd02428 : Changed Pizza code on Loghandler, was wrong.
* 1d880da : Added tests to Loghandler pizza tests.
* a10a728 : Made change to PizzaTests
* ee676c0 : Updated processLog with bool
* ea16577 : implemented processlog in PizzaRestaurant
* 4e77d45 : Hei
* 536dc16 : Customer LogHandler methods implemented
* 8a4c479 : Modified PizzaTests, so there is only one assert on each test
* c66025c : implemented createpizza and populatePizzaDataset in LogHandler.java
*   6cf497a : Merge branch 'master' of https://bitbucket.org/gleative/assign2-software-develop populatePizzaDataset() in loghandler is implemented
|\  
| * 31cdad9 : Added tests too PizzaFactory
* | 43c6548 : Implemented populatePizzaDataset() in loghandler
|/  
* 9f99a63 : Added constructor to restaurant class
*   277af29 : ok
|\  
| * 579e5cf : Added expection in PickUpCustomer
| * 12754a5 : Customer methods in Pizzarestaurant implemented
| * f5f1a79 : More PizzaTests added.
* | fc9b0db : Added constructor to Restaurant class
|/  
* 53dde89 : Added pizza methods in PizzaRestaurant and resetDetails()
*   74e5796 : Merge branch 'master' of https://bitbucket.org/gleative/assign2-software-develop I forgot to pull sorry mate
|\  
| * 25bf744 : Added CostumerFactoryTests
* | f679810 : Updated Driver and Drone. Throws exception if x,y location are 0
|/  
* 09e824a : Updated CustomerFactory not able to order Drone and Drive when at store.
* 1b55989 : Updated the Customer tests to test coordinates
* cca97da : Fixed the pizza constructor, now it checks if deliverytime exceeds 1 hour and if delivrytime is during 10 mins from ordertime
* b68001c : Tested customerclass
* 89f8a2d : Updated Customer class, now not able to order if X > 10 or Y > 10
*   944bfed : ez
|\  
| * 5df0cdb : Updated Customer class
| * fa274f6 : Moar pizza tests added
| * deece7a : More tests added to Pizzatest
* | 1b7219c : started the testing of the costumer class and fixed small bugs in the pizza class
|/  
* 2289322 : testing stuff
* a00f54f : Fixed getCostPerPizza, had to call calculateCostPerPizza() in constructor
* 728258e : Created test for getOrderCost
* a771630 : Fixed containsTopping method so PizzaTest is success
* ee98aa5 : Implemented getCustomerByIndex method, in PizzaRestaurant class
* f759a17 : Fixed pizza constructor
* 52d8cf8 : Logic in pizza factory is implemented
* 7f552b2 : Added pizza tests. Much more tests needed though
* 5c01010 : Logic implemented in all methods in Pizza class and subclasses
* 1786292 : Pizza constructor finished
* 3e63871 : Edited getDeliveryDistance in DroneDelivery class
* c4f03ba : Added the updated specification, and deleted the old one xD
* d2beea6 : CustomerFactory implemented
*   ef8d909 : Merge branch 'master' of https://bitbucket.org/gleative/assign2-software-develop jaja
|\  
| * f1cb002 : Updated logfiles and javadoc is in place
* | 45db01b : CustomerFactory finished implemeneted
|/  
* d38e88a : Drone Delivery, Driver Delivery, finished implemented
* acabbbe : xD test
* 07572eb : Deleted useless folder
* d4b6c55 : All files needed. Some of customer implemented. Lezzgoooocommit 97965e8d7735b73045df8d9c24382f057a4fcd03
Author: Marius Steller Imingen <marius.steller@gmail.com>
Date:   Fri Jun 2 18:26:07 2017 +1000

    Last commit before zipping it all together

commit 657bcf4f99c4f93ad60ae8b862f75986c4995588
Author: Marius Steller Imingen <marius.steller@gmail.com>
Date:   Fri Jun 2 18:22:47 2017 +1000

    Generated javadoc

commit 1f4626e20e5606532cf473100622d09a02440b85
Author: gleativE <glennarne.christensen@gmail.com>
Date:   Fri Jun 2 18:11:43 2017 +1000

    Testing errors

commit e2436160a63692e0dfaf3624f2b2648fd152fe5d
Author: Marius Steller Imingen <marius.steller@gmail.com>
Date:   Fri Jun 2 17:55:38 2017 +1000

    fixed error in Pizza class

commit b772e3e3a1cbf503ddbeb8212382bda67bb5826c
Author: gleativE <glennarne.christensen@gmail.com>
Date:   Fri Jun 2 17:53:18 2017 +1000

    Update error message on LogHandler

commit d6e4f0b6772af2cb6fb6fe9df3cda09fb4d94f5b
Author: Marius Steller Imingen <marius.steller@gmail.com>
Date:   Fri Jun 2 17:47:14 2017 +1000

    more doc update

commit 9ab986bb58269e4c23dcb56ca729c8ba2cd60123
Author: Marius Steller Imingen <marius.steller@gmail.com>
Date:   Fri Jun 2 17:44:08 2017 +1000

    Updated the doc on loghandler

commit 4256a4b090e1463153eb4557ab2a991c49ea8812
Author: gleativE <glennarne.christensen@gmail.com>
Date:   Fri Jun 2 17:24:57 2017 +1000

    Fixed some comments

commit 9e5e05ad2075882964d68aa773c3259bc089569c
Author: gleativE <glennarne.christensen@gmail.com>
Date:   Fri Jun 2 17:24:07 2017 +1000

    Updated GUI that it shows two decimals.

commit 4d94819501f4475bf04648ca81fb14ba36ee1c53
Author: Marius Steller Imingen <marius.steller@gmail.com>
Date:   Fri Jun 2 16:09:47 2017 +1000

    Couple of more customerfactory tests

commit 35d1a3561313655990cb12a56a2246fbf8a22cc8
Author: gleativE <glennarne.christensen@gmail.com>
Date:   Fri Jun 2 16:05:17 2017 +1000

    Updated CustomerFactory to fix a bug.

commit 52f98ec58d58f92387ca3699b88bc1217fe488ba
Merge: 69d24c6 fd42be8
Author: Marius Steller Imingen <marius.steller@gmail.com>
Date:   Fri Jun 2 16:02:55 2017 +1000

    Merge branch 'master' of https://bitbucket.org/gleative/assign2-software-develop
    kokokoooo

commit 69d24c63c94651d9e6098569c1a5df7ec1c4c45c
Author: Marius Steller Imingen <marius.steller@gmail.com>
Date:   Fri Jun 2 16:01:25 2017 +1000

    hok

commit fd42be85a2e29f980105b347a86ac1b7607c4964
Merge: b2aa4da 88d2365
Author: gleativE <glennarne.christensen@gmail.com>
Date:   Fri Jun 2 15:54:16 2017 +1000

    Added doc to the methods in the PizzaGUI class

commit b2aa4da4db042f08eb1ecc970e754ca1af1c305d
Author: gleativE <glennarne.christensen@gmail.com>
Date:   Fri Jun 2 15:53:08 2017 +1000

    Doc added to the methods in GUI

commit 88d23655372d8eb49aae33584b05d42b13cc1988
Author: Marius Steller Imingen <marius.steller@gmail.com>
Date:   Fri Jun 2 15:40:42 2017 +1000

    Added author to all files except GUI

commit 6bb631606eb4f95bdf49c2d778ddddf053a9113f
Author: Marius Steller Imingen <marius.steller@gmail.com>
Date:   Fri Jun 2 15:21:30 2017 +1000

    Fixed exeception handling in Pizza.java

commit 29606a99c5db054c5a2879e6237116232d1ffb96
Author: gleativE <glennarne.christensen@gmail.com>
Date:   Fri Jun 2 15:03:28 2017 +1000

    Added log files

commit bfc314cc077cfc02e897b33350fc57b85e827cd9
Author: gleativE <glennarne.christensen@gmail.com>
Date:   Fri Jun 2 14:56:45 2017 +1000

    Fixed GUI with exception, etc etc.

commit a8c9c14356fecfa82c99549f7e0278e2440d2c1c
Author: Marius Steller Imingen <marius.steller@gmail.com>
Date:   Fri Jun 2 14:55:30 2017 +1000

    fuck

commit 551e0af8a5f8c58972ff9615b5329a249beb0d3f
Merge: adb982f aa86979
Author: Marius Steller Imingen <marius.steller@gmail.com>
Date:   Fri Jun 2 14:47:16 2017 +1000

    ok

commit adb982f9734165b5e710d2fd1fb3a809c7d297f6
Author: Marius Steller Imingen <marius.steller@gmail.com>
Date:   Fri Jun 2 14:46:10 2017 +1000

    fixed exception for deliverytime in pizza class

commit aa869796f48f630de3d1c7b13eaefb67be5576fd
Author: gleativE <glennarne.christensen@gmail.com>
Date:   Fri Jun 2 12:58:31 2017 +1000

    Tried to test some exceptions

commit d8bd205f76d3cf781fbcd35b4323406366667fa7
Author: gleativE <glennarne.christensen@gmail.com>
Date:   Fri Jun 2 12:44:49 2017 +1000

    Updated design, with tables, and added table titles.

commit d0bdff5dfab493ca34ce3b77d186b6b1a72fb91e
Author: gleativE <glennarne.christensen@gmail.com>
Date:   Thu Jun 1 23:36:44 2017 +1000

    Added Calculate distance, and disable for buttons

commit e4da47921ede43ca7f4f484be4eb7a614514f84c
Author: Marius Steller Imingen <marius.steller@gmail.com>
Date:   Thu Jun 1 23:06:36 2017 +1000

    Implementd calculateprofit in GUI

commit 8deff877d965c06eecdda13042dfb8e163a5e2d8
Author: Marius Steller Imingen <marius.steller@gmail.com>
Date:   Thu Jun 1 22:42:04 2017 +1000

    added logs and implemented reset in GUI

commit bcdeef50115650fd7d8e695e6d046df3bc01880c
Author: Marius Steller Imingen <marius.steller@gmail.com>
Date:   Thu Jun 1 22:26:15 2017 +1000

    GUI shows orders

commit b333938d141ada2154274dcff302b5e2c2de172b
Author: gleativE <glennarne.christensen@gmail.com>
Date:   Thu Jun 1 22:12:34 2017 +1000

    GUI customer load data works! Your turn to fix pizza data hehe.

commit 2c6cf145f67d9239448ff306ced0c7cef865fa8f
Author: gleativE <glennarne.christensen@gmail.com>
Date:   Thu Jun 1 20:44:45 2017 +1000

    Load Customers and orders buttons added to gui

commit 9557ca52366534771e1aa40b4287d56f15e8a2c7
Author: gleativE <glennarne.christensen@gmail.com>
Date:   Thu Jun 1 20:38:17 2017 +1000

    GUI load file now works.

commit a1a11450f3abddffc559b860ec3fa7369f39e4a2
Author: gleativE <glennarne.christensen@gmail.com>
Date:   Thu Jun 1 19:58:43 2017 +1000

    Gui implementation

commit c647f25b46a216064e976ad3a5b61fe2380d7b68
Author: Marius Steller Imingen <marius.steller@gmail.com>
Date:   Thu Jun 1 19:57:01 2017 +1000

    Fixed some tests

commit 5944ecfcba226b18ae7d0bd7de69544f0cf3dee5
Author: gleativE <glennarne.christensen@gmail.com>
Date:   Thu Jun 1 16:23:51 2017 +1000

    PizzaGUI implementation in process. JFileChooser implemented

commit 51730d391d40d668ceea0889f98f972bc4f0f8d8
Author: Marius Steller Imingen <marius.steller@gmail.com>
Date:   Thu Jun 1 15:57:02 2017 +1000

    cd

commit f6141db4dad916bdab1e82a9fc6b636ed7972e78
Author: Marius Steller Imingen <marius.steller@gmail.com>
Date:   Thu Jun 1 15:47:48 2017 +1000

    tests for pizzarestaurant

commit 79993d67085596a5ddbe0f42867eb71305184ca7
Author: gleativE <glennarne.christensen@gmail.com>
Date:   Thu Jun 1 13:59:37 2017 +1000

    Updated LoghandlerException message in both populateDataSet

commit 9b38ddbfb161bc8c0062f7565ae7f4e66f86dfc7
Author: gleativE <glennarne.christensen@gmail.com>
Date:   Thu Jun 1 13:56:05 2017 +1000

    Tests added in LogHandlerPizza.

commit 17ae8d532ebfdad8ceec5c09daa7fd5a3e32a5a3
Author: Marius Steller Imingen <marius.steller@gmail.com>
Date:   Thu Jun 1 13:56:17 2017 +1000

    Fixed error handling in LogHandler...Again

commit cb7d15ee532eb7fcbbe860014d5d263c24afc006
Author: Marius Steller Imingen <marius.steller@gmail.com>
Date:   Thu Jun 1 13:50:15 2017 +1000

    se det ja

commit 8cae65eabd60cfd4c797e386ea221f4852b9e101
Author: gleativE <glennarne.christensen@gmail.com>
Date:   Thu Jun 1 13:07:22 2017 +1000

    Changed final variables in Pizza test and PizzaFactory test, to uppercase letters.

commit b1e9d8a648e6c2a4eb4418803f319a61dc2b5032
Author: gleativE <glennarne.christensen@gmail.com>
Date:   Thu Jun 1 12:54:57 2017 +1000

    Edit ifs in getCustomerByIndex and getPizzaByIndex. Also added more tests too restaurant pizza

commit e75a15c0671e88c1c838e73ca77b539745ee8635
Author: Marius Steller Imingen <marius.steller@gmail.com>
Date:   Thu Jun 1 12:27:45 2017 +1000

    fixed loghandler createmethods to throw exception when constraint is missing on a line e.g less than 8 elements

commit 7c31fbcccfb26ff1cfbaac0e7617998ee9d092aa
Author: gleativE <glennarne.christensen@gmail.com>
Date:   Thu Jun 1 12:12:07 2017 +1000

    Changed bool in PizzaRestaurant class, and Added tests to RestaurantPizzaTests

commit 2080f4ea35d9fabd0406410b639c2fd11ccca890
Author: Marius Steller Imingen <marius.steller@gmail.com>
Date:   Thu Jun 1 00:17:50 2017 +1000

    ok

commit d82f08f89ad98651336b284ef976832effbce130
Author: Marius Steller Imingen <marius.steller@gmail.com>
Date:   Thu Jun 1 00:02:06 2017 +1000

    added some logs

commit c89318142caebc9af39fbdd0a37c2f7adb7ef2c5
Author: Marius Steller Imingen <marius.steller@gmail.com>
Date:   Thu Jun 1 00:00:35 2017 +1000

    faen ass kokok håper jeg ikke mista noe nå på slutten

commit 1b0555300c5083ac15edb538be9af277a41c40fc
Author: gleativE <glennarne.christensen@gmail.com>
Date:   Wed May 31 23:10:05 2017 +1000

    Added tests to RestaurantPizza, struggles with processlog. Im going to bed. Cya mate.

commit 5ebe6c5613e931d7946a3cb77e09f555fccfa1a5
Author: gleativE <glennarne.christensen@gmail.com>
Date:   Wed May 31 22:31:42 2017 +1000

    New tests in Loghandler pizza, added else in LogHandler class

commit 1393fb7ce2756ba76dc06dad29029150e59456d2
Author: gleativE <glennarne.christensen@gmail.com>
Date:   Wed May 31 22:30:47 2017 +1000

    New tests in Loghandler pizza, added else in LogHandler class

commit 9d20918b6e824d64b94b23771dd0e34265863939
Author: Marius Steller Imingen <marius.steller@gmail.com>
Date:   Wed May 31 22:08:23 2017 +1000

    updated last push before Glenn start ez

commit 2ca56ea377f9eee43584907c8fb68db7e78d6ec7
Author: Marius Steller Imingen <marius.steller@gmail.com>
Date:   Wed May 31 22:01:12 2017 +1000

    updated createPizza to be more precise in error handling (hopefully

commit dee91ec8315959f004efa5816ca6e02f8a93f52b
Author: Marius Steller Imingen <marius.steller@gmail.com>
Date:   Wed May 31 21:54:12 2017 +1000

    methods in LogHandler should catch and handle exceptions better now

commit 2357b88c44c7dd97a200474e31accb8c6792f040
Author: Marius Steller Imingen <marius.steller@gmail.com>
Date:   Wed May 31 21:22:28 2017 +1000

    Added try catch to throw loghandler exception in createcustomer

commit 470622bc5c0c7d8a3276bb832d53d532f7d2d4c7
Author: Marius Steller Imingen <marius.steller@gmail.com>
Date:   Wed May 31 21:08:02 2017 +1000

    Added try catch to createPizza

commit 7062cd34a0208951c90d3ce585c7167f50d7aba3
Author: Marius Steller Imingen <marius.steller@gmail.com>
Date:   Wed May 31 21:04:30 2017 +1000

    updated populatepizzaDatasets() and populatecostumerdatasets to close the bufferreader at the end

commit 57090f31306e0acd68c6eadd22a4326d6b6ed24f
Author: Marius Steller Imingen <marius.steller@gmail.com>
Date:   Wed May 31 20:57:29 2017 +1000

    removed unused parts of populatePizzaDataset()

commit ef4933eef83522c84abcc90308580921968319b5
Author: Marius Steller Imingen <marius.steller@gmail.com>
Date:   Wed May 31 20:56:19 2017 +1000

    Fixed a dronedeliverytest and updated exceptiomn throwing in loghandler

commit 6be1c74c76ebd2c8cbf8d608c7b8f791eb2fc7f1
Author: gleativE <glennarne.christensen@gmail.com>
Date:   Wed May 31 20:44:15 2017 +1000

    Removed ifs and added try and catchs in LogHandler class

commit f005e78e31e53affab2c82037cafddfe090d20f6
Author: Marius Steller Imingen <marius.steller@gmail.com>
Date:   Wed May 31 20:12:02 2017 +1000

    fixed populatePizzaDataset()

commit 72154d312dc4190a67bf8aa69eccb29ea36062b0
Author: gleativE <glennarne.christensen@gmail.com>
Date:   Wed May 31 19:59:32 2017 +1000

    Just trying to fix pizzadataset

commit bd02428d711316dff74c0a2bd9f4a82a7855cde0
Author: gleativE <glennarne.christensen@gmail.com>
Date:   Wed May 31 19:53:23 2017 +1000

    Changed Pizza code on Loghandler, was wrong.

commit 1d880da1a0f502a167981f6ca7ffac97352d3e39
Author: gleativE <glennarne.christensen@gmail.com>
Date:   Wed May 31 19:51:23 2017 +1000

    Added tests to Loghandler pizza tests.

commit a10a7281762f14aa60868acfa307bb7cb856da3a
Author: gleativE <glennarne.christensen@gmail.com>
Date:   Wed May 31 18:18:42 2017 +1000

    Made change to PizzaTests

commit ee676c083adb4564e8c31de0d63e1636afc73bda
Author: gleativE <glennarne.christensen@gmail.com>
Date:   Wed May 31 17:35:53 2017 +1000

    Updated processLog with bool

commit ea165776090b6550029faf625c57f26f29cd27bc
Author: Marius Steller Imingen <marius.steller@gmail.com>
Date:   Wed May 31 17:31:36 2017 +1000

    implemented processlog in PizzaRestaurant

commit 4e77d45a7d4a9a9b1b55048c7b261a40edb496c6
Author: Marius Steller Imingen <marius.steller@gmail.com>
Date:   Wed May 31 17:29:07 2017 +1000

    Hei

commit 536dc16900962ba6664f12691548cd783adaeee8
Author: gleativE <glennarne.christensen@gmail.com>
Date:   Wed May 31 17:22:42 2017 +1000

    Customer LogHandler methods implemented

commit 8a4c479d6d1378547b8dbecb3988edbc813d7fcc
Author: gleativE <glennarne.christensen@gmail.com>
Date:   Wed May 31 16:20:33 2017 +1000

    Modified PizzaTests, so there is only one assert on each test

commit c66025cce18230fbdc1e771248e694c2ae6718d4
Author: Marius Steller Imingen <marius.steller@gmail.com>
Date:   Wed May 31 15:30:27 2017 +1000

    implemented createpizza and populatePizzaDataset in LogHandler.java

commit 6cf497a6a1e4fc61d48db23c4200cb88340f9c56
Merge: 43c6548 31cdad9
Author: Marius Steller Imingen <marius.steller@gmail.com>
Date:   Wed May 31 14:39:31 2017 +1000

    Merge branch 'master' of https://bitbucket.org/gleative/assign2-software-develop
    populatePizzaDataset() in loghandler is implemented

commit 43c65482c6387b12c514c8a7aed54ea41309a947
Author: Marius Steller Imingen <marius.steller@gmail.com>
Date:   Wed May 31 14:39:14 2017 +1000

    Implemented populatePizzaDataset() in loghandler

commit 31cdad9a48d161d722853466ba6a0279f056304b
Author: gleativE <glennarne.christensen@gmail.com>
Date:   Wed May 31 14:36:27 2017 +1000

    Added tests too PizzaFactory

commit 9f99a63ded11b04c027b2715e9cf3ae4bf8e3988
Author: Marius Steller Imingen <marius.steller@gmail.com>
Date:   Wed May 31 14:06:24 2017 +1000

    Added constructor to restaurant class

commit 277af2917afb0fec831ca53eed4af5da3c4deed8
Merge: fc9b0db 579e5cf
Author: Marius Steller Imingen <marius.steller@gmail.com>
Date:   Wed May 31 14:05:14 2017 +1000

    ok

commit fc9b0db0c31bcd0106141254191b1bca9bec0fdd
Author: Marius Steller Imingen <marius.steller@gmail.com>
Date:   Wed May 31 14:02:14 2017 +1000

    Added constructor to Restaurant class

commit 579e5cf59fed130fe1ae0c23352e97bb219fdebe
Author: gleativE <glennarne.christensen@gmail.com>
Date:   Wed May 31 12:52:47 2017 +1000

    Added expection in PickUpCustomer

commit 12754a50a7d212a27894f3b2b7f923d8f96600e6
Author: gleativE <glennarne.christensen@gmail.com>
Date:   Wed May 31 12:47:11 2017 +1000

    Customer methods in Pizzarestaurant implemented

commit f5f1a79f20fecb9538bb4be6cee85896d87198dd
Author: gleativE <glennarne.christensen@gmail.com>
Date:   Wed May 31 12:41:22 2017 +1000

    More PizzaTests added.

commit 53dde89af0a07ff0bbc68432edff1885567f14cd
Author: Marius Steller Imingen <marius.steller@gmail.com>
Date:   Wed May 31 12:17:03 2017 +1000

    Added pizza methods in PizzaRestaurant and resetDetails()

commit 74e579621d67e279c3c0d3266f48df34c272587d
Merge: f679810 25bf744
Author: gleativE <glennarne.christensen@gmail.com>
Date:   Wed May 31 12:10:28 2017 +1000

    Merge branch 'master' of https://bitbucket.org/gleative/assign2-software-develop
    I forgot to pull sorry mate

commit f6798104b56c195a5f312adf2fbe61ae310ea7ad
Author: gleativE <glennarne.christensen@gmail.com>
Date:   Wed May 31 12:10:00 2017 +1000

    Updated Driver and Drone. Throws exception if x,y location are 0

commit 25bf74459f2626e34b9c6ea20c7f2a67f86ed0c5
Author: Marius Steller Imingen <marius.steller@gmail.com>
Date:   Wed May 31 12:04:19 2017 +1000

    Added CostumerFactoryTests

commit 09e824a41040c51bcf3525913e96e5b2405e7499
Author: gleativE <glennarne.christensen@gmail.com>
Date:   Wed May 31 12:00:24 2017 +1000

    Updated CustomerFactory not able to order Drone and Drive when at store.

commit 1b55989de9257e98420f17d86f9e775b38067ea7
Author: Marius Steller Imingen <marius.steller@gmail.com>
Date:   Wed May 31 11:44:32 2017 +1000

    Updated the Customer tests to test coordinates

commit cca97da556afb9218365f02e2245c32fd9da7c3d
Author: Marius Steller Imingen <marius.steller@gmail.com>
Date:   Wed May 31 11:26:25 2017 +1000

    Fixed the pizza constructor, now it checks if deliverytime exceeds 1 hour and if delivrytime is during 10 mins from ordertime

commit b68001caffd682b4bf8e610bfb073ac1cfd69d86
Author: Marius Steller Imingen <marius.steller@gmail.com>
Date:   Wed May 31 10:12:41 2017 +1000

    Tested customerclass

commit 89f8a2d5613fe60d8b0fb2c953c785cddba7f02e
Author: gleativE <glennarne.christensen@gmail.com>
Date:   Wed May 31 09:57:19 2017 +1000

    Updated Customer class, now not able to order if X > 10 or Y > 10

commit 944bfed897774654bf799be2f26aad4ac658be7a
Merge: 1b7219c 5df0cdb
Author: Marius Steller Imingen <marius.steller@gmail.com>
Date:   Wed May 31 00:36:42 2017 +1000

    ez

commit 1b7219c01d2b14cb5b5273768d31924eb6c11a4d
Author: Marius Steller Imingen <marius.steller@gmail.com>
Date:   Wed May 31 00:22:20 2017 +1000

    started the testing of the costumer class and fixed small bugs in the pizza class

commit 5df0cdb0f8821703d01181bf72c7b495d21d7878
Author: gleativE <glennarne.christensen@gmail.com>
Date:   Wed May 31 00:19:37 2017 +1000

    Updated Customer class

commit fa274f6e8e1fabcee860ddcce6b2643d20f62315
Author: gleativE <glennarne.christensen@gmail.com>
Date:   Wed May 31 00:14:11 2017 +1000

    Moar pizza tests added

commit deece7a30efae473924edda4aa33842c94b352dc
Author: gleativE <glennarne.christensen@gmail.com>
Date:   Tue May 30 23:55:24 2017 +1000

    More tests added to Pizzatest

commit 228932289fbf915bebf5101806366a7d1c75bd30
Author: Marius Steller Imingen <marius.steller@gmail.com>
Date:   Tue May 30 23:49:57 2017 +1000

    testing stuff

commit a00f54fded0e08008aef1355e536b9620566017f
Author: Marius Steller Imingen <marius.steller@gmail.com>
Date:   Tue May 30 23:42:54 2017 +1000

    Fixed getCostPerPizza, had to call calculateCostPerPizza() in constructor

commit 728258e34bde3a4de9295e58e84e5984e403e877
Author: gleativE <glennarne.christensen@gmail.com>
Date:   Tue May 30 22:50:35 2017 +1000

    Created test for getOrderCost

commit a771630555719d70fab09818c8b285f28fc4b200
Author: gleativE <glennarne.christensen@gmail.com>
Date:   Tue May 30 22:35:12 2017 +1000

    Fixed containsTopping method so PizzaTest is success

commit ee98aa53aad65655059d359804d1ac6d2a9f2969
Author: gleativE <glennarne.christensen@gmail.com>
Date:   Tue May 30 22:25:05 2017 +1000

    Implemented getCustomerByIndex method, in PizzaRestaurant class

commit f759a174a4bf1ca62b8b1bb75abbc4e35d301ad3
Author: Marius Steller Imingen <marius.steller@gmail.com>
Date:   Tue May 30 22:23:35 2017 +1000

    Fixed pizza constructor

commit 52d8cf82e37111ec6bd5e2b7649134f5a9c62371
Author: Marius Steller Imingen <marius.steller@gmail.com>
Date:   Tue May 30 22:21:12 2017 +1000

    Logic in pizza factory is implemented

commit 7f552b262d08eeb9f4c0a6f7504a6c329e07cd9a
Author: gleativE <glennarne.christensen@gmail.com>
Date:   Tue May 30 22:04:18 2017 +1000

    Added pizza tests. Much more tests needed though

commit 5c010101fb8dc0f5189a670e86e9ac1d0d34ac53
Author: Marius Steller Imingen <marius.steller@gmail.com>
Date:   Tue May 30 22:02:02 2017 +1000

    Logic implemented in all methods in Pizza class and subclasses

commit 178629292adafc43741baad9447fc230ac8bc847
Author: Marius Steller Imingen <marius.steller@gmail.com>
Date:   Tue May 30 20:02:30 2017 +1000

    Pizza constructor finished

commit 3e638712185584e53868b6135faacdc52e9ecd32
Author: gleativE <glennarne.christensen@gmail.com>
Date:   Tue May 30 15:07:34 2017 +1000

    Edited getDeliveryDistance in DroneDelivery class

commit c4f03ba533a126954739360e79258dd0cbb8f4de
Author: gleativE <glennarne.christensen@gmail.com>
Date:   Tue May 30 14:48:40 2017 +1000

    Added the updated specification, and deleted the old one xD

commit d2beea61ffe8d161e0f31a3b88c6baed59e3b9b7
Author: gleativE <glennarne.christensen@gmail.com>
Date:   Tue May 30 14:45:14 2017 +1000

    CustomerFactory implemented

commit ef8d9090395458a198b62f0fc40550c26abd3ade
Merge: 45db01b f1cb002
Author: gleativE <glennarne.christensen@gmail.com>
Date:   Tue May 30 14:42:02 2017 +1000

    Merge branch 'master' of https://bitbucket.org/gleative/assign2-software-develop
    jaja

commit 45db01b3f4d0f1d23b1f8f0fb386fbc84da33c79
Author: gleativE <glennarne.christensen@gmail.com>
Date:   Tue May 30 14:41:25 2017 +1000

    CustomerFactory finished implemeneted

commit f1cb0026ec195cda43d064e98d4c86cab69b0d08
Author: Marius Steller Imingen <marius.steller@gmail.com>
Date:   Tue May 30 14:31:38 2017 +1000

    Updated logfiles and javadoc is in place

commit d38e88a63a0f25869fea531654e6f97c0e4679da
Author: gleativE <glennarne.christensen@gmail.com>
Date:   Tue May 30 14:13:43 2017 +1000

    Drone Delivery, Driver Delivery, finished implemented

commit acabbbee45e58362f9d15c30397298f65ca27d9f
Author: gleativE <glennarne.christensen@gmail.com>
Date:   Thu May 4 00:00:29 2017 +1000

    xD test

commit 07572ebcdc273f08cbe296ad008ea1f128c702cb
Author: gleative <glennarne.christensen@gmail.com>
Date:   Wed May 3 23:55:44 2017 +1000

    Deleted useless folder

commit d4b6c5580311dd92caccbecbe650ac66e075a0cc
Author: gleative <glennarne.christensen@gmail.com>
Date:   Wed May 3 23:36:28 2017 +1000

    All files needed. Some of customer implemented. Lezzgoooo
